<?xml version="1.0" encoding="UTF-8"?>
<!-- Generated by org.testng.reporters.JUnitXMLReporter -->
<testsuite ignored="0" hostname="DESKTOP-KKG9DI7" failures="0" tests="3" name="Default test" time="44.088" errors="0" timestamp="2019-03-09T16:09:51 EST">
  <testcase classname="com.TestPageCase.LoginPageTest" name="VerifyLoginPage" time="7.295"/>
  <testcase classname="com.TestPageCase.LoginPageTest" name="VerifyTitleofThePage" time="2.016"/>
  <testcase classname="com.TestPageCase.LoginPageTest" name="verifyLogoofThePage" time="2.111"/>
</testsuite> <!-- Default test -->
