<?xml version="1.0" encoding="UTF-8"?>
<testng-results ignored="0" total="3" passed="3" failed="0" skipped="0">
  <reporter-output>
  </reporter-output>
  <suite started-at="2019-03-09T16:09:07 EST" name="Default suite" finished-at="2019-03-09T16:09:51 EST" duration-ms="44088">
    <groups>
    </groups>
    <test started-at="2019-03-09T16:09:07 EST" name="Default test" finished-at="2019-03-09T16:09:51 EST" duration-ms="44088">
      <class name="com.TestPageCase.LoginPageTest">
        <test-method is-config="true" signature="SetUp()[pri:0, instance:com.TestPageCase.LoginPageTest@609cd4d8]" started-at="2019-03-09T16:09:07 EST" name="SetUp" finished-at="2019-03-09T16:09:19 EST" duration-ms="11260" status="PASS">
          <reporter-output>
          </reporter-output>
        </test-method> <!-- SetUp -->
        <test-method signature="VerifyLoginPage()[pri:0, instance:com.TestPageCase.LoginPageTest@609cd4d8]" started-at="2019-03-09T16:09:19 EST" name="VerifyLoginPage" finished-at="2019-03-09T16:09:26 EST" duration-ms="7295" status="PASS">
          <reporter-output>
          </reporter-output>
        </test-method> <!-- VerifyLoginPage -->
        <test-method is-config="true" signature="TearDown()[pri:0, instance:com.TestPageCase.LoginPageTest@609cd4d8]" started-at="2019-03-09T16:09:26 EST" name="TearDown" finished-at="2019-03-09T16:09:27 EST" duration-ms="741" status="PASS">
          <reporter-output>
          </reporter-output>
        </test-method> <!-- TearDown -->
        <test-method is-config="true" signature="SetUp()[pri:0, instance:com.TestPageCase.LoginPageTest@609cd4d8]" started-at="2019-03-09T16:09:27 EST" name="SetUp" finished-at="2019-03-09T16:09:36 EST" duration-ms="9570" status="PASS">
          <reporter-output>
          </reporter-output>
        </test-method> <!-- SetUp -->
        <test-method signature="VerifyTitleofThePage()[pri:1, instance:com.TestPageCase.LoginPageTest@609cd4d8]" started-at="2019-03-09T16:09:36 EST" name="VerifyTitleofThePage" finished-at="2019-03-09T16:09:38 EST" duration-ms="2016" status="PASS">
          <reporter-output>
          </reporter-output>
        </test-method> <!-- VerifyTitleofThePage -->
        <test-method is-config="true" signature="TearDown()[pri:0, instance:com.TestPageCase.LoginPageTest@609cd4d8]" started-at="2019-03-09T16:09:38 EST" name="TearDown" finished-at="2019-03-09T16:09:39 EST" duration-ms="671" status="PASS">
          <reporter-output>
          </reporter-output>
        </test-method> <!-- TearDown -->
        <test-method is-config="true" signature="SetUp()[pri:0, instance:com.TestPageCase.LoginPageTest@609cd4d8]" started-at="2019-03-09T16:09:39 EST" name="SetUp" finished-at="2019-03-09T16:09:49 EST" duration-ms="9672" status="PASS">
          <reporter-output>
          </reporter-output>
        </test-method> <!-- SetUp -->
        <test-method signature="verifyLogoofThePage()[pri:2, instance:com.TestPageCase.LoginPageTest@609cd4d8]" started-at="2019-03-09T16:09:49 EST" name="verifyLogoofThePage" finished-at="2019-03-09T16:09:51 EST" duration-ms="2111" status="PASS">
          <reporter-output>
          </reporter-output>
        </test-method> <!-- verifyLogoofThePage -->
        <test-method is-config="true" signature="TearDown()[pri:0, instance:com.TestPageCase.LoginPageTest@609cd4d8]" started-at="2019-03-09T16:09:51 EST" name="TearDown" finished-at="2019-03-09T16:09:51 EST" duration-ms="689" status="PASS">
          <reporter-output>
          </reporter-output>
        </test-method> <!-- TearDown -->
      </class> <!-- com.TestPageCase.LoginPageTest -->
    </test> <!-- Default test -->
  </suite> <!-- Default suite -->
</testng-results>
